<?xml version="1.0" encoding="UTF-8"?>
<!-- Generated by org.testng.reporters.JUnitReportReporter -->
<testsuite hostname="TYSS-Akash-Deb" failures="0" tests="1" name="com.comcast.crm.campaign_test.CreateCampaignTest" time="41.816" errors="0" timestamp="29 May 2024 05:58:41 GMT" skipped="0">
  <testcase classname="com.comcast.crm.campaign_test.CreateCampaignTest" name="createCampaignWithMandatoryInfoTest" time="41.816"/>
</testsuite> <!-- com.comcast.crm.campaign_test.CreateCampaignTest -->
