<?xml version="1.0" encoding="UTF-8"?>
<!-- Generated by org.testng.reporters.JUnitReportReporter -->
<testsuite hostname="LAPTOP-J4J745OD" failures="0" tests="1" name="com.hsbc.bfsi.deleteAccount.deleteAccountTest" time="3.845" errors="0" timestamp="31 May 2024 12:56:44 GMT" skipped="0">
  <testcase classname="com.hsbc.bfsi.deleteAccount.deleteAccountTest" name="deleteAccTest" time="3.845"/>
</testsuite> <!-- com.hsbc.bfsi.deleteAccount.deleteAccountTest -->
