<?xml version="1.0" encoding="UTF-8"?>
<!-- Generated by org.testng.reporters.JUnitReportReporter -->
<testsuite hostname="LAPTOP-J4J745OD" failures="0" tests="3" name="com.hsbc.bfsi.openAccount.openAccountTest" time="16.136" errors="0" timestamp="31 May 2024 12:56:44 GMT" skipped="0">
  <testcase classname="com.hsbc.bfsi.openAccount.openAccountTest" name="OpenAccTest" time="7.451"/>
  <testcase classname="com.hsbc.bfsi.openAccount.openAccountTest" name="staffLoginTest" time="4.755"/>
  <testcase classname="com.hsbc.bfsi.openAccount.openAccountTest" name="creditCustomerTest" time="3.930"/>
</testsuite> <!-- com.hsbc.bfsi.openAccount.openAccountTest -->
