<?xml version="1.0" encoding="UTF-8"?>
<!-- Generated by org.testng.reporters.JUnitReportReporter -->
<testsuite hostname="LAPTOP-J4J745OD" failures="0" tests="1" name="com.hsbc.bfsi.internetBanking.registerInternetBankingTest" time="3.231" errors="0" timestamp="31 May 2024 12:56:44 GMT" skipped="0">
  <testcase classname="com.hsbc.bfsi.internetBanking.registerInternetBankingTest" name="registerTest" time="3.231"/>
</testsuite> <!-- com.hsbc.bfsi.internetBanking.registerInternetBankingTest -->
