<?xml version="1.0" encoding="UTF-8"?>
<!-- Generated by org.testng.reporters.JUnitReportReporter -->
<testsuite hostname="TYSS-Akash-Deb" failures="0" tests="3" name="com.comcast.crm.contact_test.CreateContactTest" time="86.902" errors="0" timestamp="29 May 2024 05:58:41 GMT" skipped="0">
  <testcase classname="com.comcast.crm.contact_test.CreateContactTest" name="createContactWithMandatoryInformationTest" time="24.717"/>
  <testcase classname="com.comcast.crm.contact_test.CreateContactTest" name="createContactWithFirstNameAndSalutationTest" time="39.104"/>
  <testcase classname="com.comcast.crm.contact_test.CreateContactTest" name="createContactWithsalutationFirstNameAndSupportStartAndEndDateTest" time="23.081"/>
</testsuite> <!-- com.comcast.crm.contact_test.CreateContactTest -->
